<?xml version="1.0" encoding="UTF-8"?>
<!-- Generated by org.testng.reporters.JUnitReportReporter -->
<testsuite hostname="TDLPHP90" failures="0" tests="1" name="org.tillster.chowking.runner.RunnerCucumber" time="17.761" errors="0" timestamp="2023-07-19T22:39:19 IST" skipped="0">
  <testcase classname="org.tillster.chowking.runner.RunnerCucumber" name="runScenario" time="17.761"/>
  <system-out/>
</testsuite> <!-- org.tillster.chowking.runner.RunnerCucumber -->
