<?xml version="1.0" encoding="UTF-8"?>
<!-- Generated by org.testng.reporters.JUnitReportReporter -->
<testsuite hostname="TDLPHP90" failures="0" tests="1" name="com.baskinrobbins.runner.RunnerCucumber" time="96.232" errors="0" timestamp="2023-08-17T12:52:51 IST" skipped="0">
  <testcase classname="com.baskinrobbins.runner.RunnerCucumber" name="runScenario" time="96.232"/>
</testsuite> <!-- com.baskinrobbins.runner.RunnerCucumber -->
